<?xml version="1.0" encoding="UTF-8"?>
<testsuites>
  <testsuite name="SuperPassword Tests" tests="0" failures="0" errors="0" skipped="0" timestamp="">
  </testsuite>
</testsuites>
